d:\workspace\d3dpractice\d3dpractice08\x64\release\d3dpractice08.turningmanycube.pch
d:\workspace\d3dpractice\d3dpractice08\x64\release\vc141.pdb
d:\workspace\d3dpractice\d3dpractice08\x64\release\stdafx.obj
d:\workspace\d3dpractice\d3dpractice08\x64\release\shader.obj
d:\workspace\d3dpractice\d3dpractice08\x64\release\scene.obj
d:\workspace\d3dpractice\d3dpractice08\x64\release\mesh.obj
d:\workspace\d3dpractice\d3dpractice08\x64\release\gametimer.obj
d:\workspace\d3dpractice\d3dpractice08\x64\release\gameobject.obj
d:\workspace\d3dpractice\d3dpractice08\x64\release\gameframework.obj
d:\workspace\d3dpractice\d3dpractice08\x64\release\d3dpractice08.obj
d:\workspace\d3dpractice\d3dpractice08\x64\release\camera.obj
d:\workspace\d3dpractice\x64\release\d3dpractice08.turningmanycube.ipdb
d:\workspace\d3dpractice\x64\release\d3dpractice08.turningmanycube.iobj
d:\workspace\d3dpractice\x64\release\d3dpractice08.turningmanycube.exe
d:\workspace\d3dpractice\x64\release\d3dpractice08.turningmanycube.pdb
d:\workspace\d3dpractice\d3dpractice08\x64\release\d3dpractice08.res
d:\workspace\d3dpractice\d3dpractice08\x64\release\d3dpract.d1f44400.tlog\cl.command.1.tlog
d:\workspace\d3dpractice\d3dpractice08\x64\release\d3dpract.d1f44400.tlog\cl.read.1.tlog
d:\workspace\d3dpractice\d3dpractice08\x64\release\d3dpract.d1f44400.tlog\cl.write.1.tlog
d:\workspace\d3dpractice\d3dpractice08\x64\release\d3dpract.d1f44400.tlog\d3dpractice08.turningmanycube.write.1u.tlog
d:\workspace\d3dpractice\d3dpractice08\x64\release\d3dpract.d1f44400.tlog\link.command.1.tlog
d:\workspace\d3dpractice\d3dpractice08\x64\release\d3dpract.d1f44400.tlog\link.read.1.tlog
d:\workspace\d3dpractice\d3dpractice08\x64\release\d3dpract.d1f44400.tlog\link.write.1.tlog
d:\workspace\d3dpractice\d3dpractice08\x64\release\d3dpract.d1f44400.tlog\rc.command.1.tlog
d:\workspace\d3dpractice\d3dpractice08\x64\release\d3dpract.d1f44400.tlog\rc.read.1.tlog
d:\workspace\d3dpractice\d3dpractice08\x64\release\d3dpract.d1f44400.tlog\rc.write.1.tlog
