d:\workspace\d3dpractice\d3dpractice01.basic\x64\release\d3dpractice01.basic.pch
d:\workspace\d3dpractice\d3dpractice01.basic\x64\release\vc141.pdb
d:\workspace\d3dpractice\d3dpractice01.basic\x64\release\stdafx.obj
d:\workspace\d3dpractice\d3dpractice01.basic\x64\release\gametimer.obj
d:\workspace\d3dpractice\d3dpractice01.basic\x64\release\gameframework.obj
d:\workspace\d3dpractice\d3dpractice01.basic\x64\release\d3dpractice.obj
d:\workspace\d3dpractice\x64\release\d3dpractice01.basic.ipdb
d:\workspace\d3dpractice\x64\release\d3dpractice01.basic.iobj
d:\workspace\d3dpractice\x64\release\d3dpractice01.basic.exe
d:\workspace\d3dpractice\x64\release\d3dpractice01.basic.pdb
d:\workspace\d3dpractice\d3dpractice01.basic\x64\release\d3dpractice.res
d:\workspace\d3dpractice\d3dpractice01.basic\x64\release\d3dpract.d38669e9.tlog\cl.command.1.tlog
d:\workspace\d3dpractice\d3dpractice01.basic\x64\release\d3dpract.d38669e9.tlog\cl.read.1.tlog
d:\workspace\d3dpractice\d3dpractice01.basic\x64\release\d3dpract.d38669e9.tlog\cl.write.1.tlog
d:\workspace\d3dpractice\d3dpractice01.basic\x64\release\d3dpract.d38669e9.tlog\d3dpractice01.basic.write.1u.tlog
d:\workspace\d3dpractice\d3dpractice01.basic\x64\release\d3dpract.d38669e9.tlog\link.command.1.tlog
d:\workspace\d3dpractice\d3dpractice01.basic\x64\release\d3dpract.d38669e9.tlog\link.read.1.tlog
d:\workspace\d3dpractice\d3dpractice01.basic\x64\release\d3dpract.d38669e9.tlog\link.write.1.tlog
d:\workspace\d3dpractice\d3dpractice01.basic\x64\release\d3dpract.d38669e9.tlog\rc.command.1.tlog
d:\workspace\d3dpractice\d3dpractice01.basic\x64\release\d3dpract.d38669e9.tlog\rc.read.1.tlog
d:\workspace\d3dpractice\d3dpractice01.basic\x64\release\d3dpract.d38669e9.tlog\rc.write.1.tlog
