d:\workspace\d3dpractice\d3dpractice06\x64\release\d3dpractice06.turningcube.pch
d:\workspace\d3dpractice\d3dpractice06\x64\release\vc141.pdb
d:\workspace\d3dpractice\d3dpractice06\x64\release\stdafx.obj
d:\workspace\d3dpractice\d3dpractice06\x64\release\shader.obj
d:\workspace\d3dpractice\d3dpractice06\x64\release\scene.obj
d:\workspace\d3dpractice\d3dpractice06\x64\release\mesh.obj
d:\workspace\d3dpractice\d3dpractice06\x64\release\gametimer.obj
d:\workspace\d3dpractice\d3dpractice06\x64\release\gameobject.obj
d:\workspace\d3dpractice\d3dpractice06\x64\release\gameframework.obj
d:\workspace\d3dpractice\d3dpractice06\x64\release\d3dpractice06.obj
d:\workspace\d3dpractice\d3dpractice06\x64\release\camera.obj
d:\workspace\d3dpractice\x64\release\d3dpractice06.turningcube.ipdb
d:\workspace\d3dpractice\x64\release\d3dpractice06.turningcube.iobj
d:\workspace\d3dpractice\x64\release\d3dpractice06.turningcube.exe
d:\workspace\d3dpractice\x64\release\d3dpractice06.turningcube.pdb
d:\workspace\d3dpractice\d3dpractice06\x64\release\d3dpractice06.res
d:\workspace\d3dpractice\d3dpractice06\x64\release\d3dpract.52cdb14b.tlog\cl.command.1.tlog
d:\workspace\d3dpractice\d3dpractice06\x64\release\d3dpract.52cdb14b.tlog\cl.read.1.tlog
d:\workspace\d3dpractice\d3dpractice06\x64\release\d3dpract.52cdb14b.tlog\cl.write.1.tlog
d:\workspace\d3dpractice\d3dpractice06\x64\release\d3dpract.52cdb14b.tlog\d3dpractice06.turningcube.write.1u.tlog
d:\workspace\d3dpractice\d3dpractice06\x64\release\d3dpract.52cdb14b.tlog\link.command.1.tlog
d:\workspace\d3dpractice\d3dpractice06\x64\release\d3dpract.52cdb14b.tlog\link.read.1.tlog
d:\workspace\d3dpractice\d3dpractice06\x64\release\d3dpract.52cdb14b.tlog\link.write.1.tlog
d:\workspace\d3dpractice\d3dpractice06\x64\release\d3dpract.52cdb14b.tlog\rc.command.1.tlog
d:\workspace\d3dpractice\d3dpractice06\x64\release\d3dpract.52cdb14b.tlog\rc.read.1.tlog
d:\workspace\d3dpractice\d3dpractice06\x64\release\d3dpract.52cdb14b.tlog\rc.write.1.tlog
