d:\workspace\d3dpractice\d3dpractice01.basic\x64\debug\d3dpractice01.basic.pch
d:\workspace\d3dpractice\d3dpractice01.basic\x64\debug\vc141.pdb
d:\workspace\d3dpractice\d3dpractice01.basic\x64\debug\vc141.idb
d:\workspace\d3dpractice\d3dpractice01.basic\x64\debug\stdafx.obj
d:\workspace\d3dpractice\d3dpractice01.basic\x64\debug\gametimer.obj
d:\workspace\d3dpractice\d3dpractice01.basic\x64\debug\gameframework.obj
d:\workspace\d3dpractice\d3dpractice01.basic\x64\debug\d3dpractice.obj
d:\workspace\d3dpractice\x64\debug\d3dpractice01.basic.ilk
d:\workspace\d3dpractice\x64\debug\d3dpractice01.basic.exe
d:\workspace\d3dpractice\x64\debug\d3dpractice01.basic.pdb
d:\workspace\d3dpractice\d3dpractice01.basic\x64\debug\d3dpractice.res
d:\workspace\d3dpractice\d3dpractice01.basic\x64\debug\d3dpract.d38669e9.tlog\cl.command.1.tlog
d:\workspace\d3dpractice\d3dpractice01.basic\x64\debug\d3dpract.d38669e9.tlog\cl.read.1.tlog
d:\workspace\d3dpractice\d3dpractice01.basic\x64\debug\d3dpract.d38669e9.tlog\cl.write.1.tlog
d:\workspace\d3dpractice\d3dpractice01.basic\x64\debug\d3dpract.d38669e9.tlog\link.command.1.tlog
d:\workspace\d3dpractice\d3dpractice01.basic\x64\debug\d3dpract.d38669e9.tlog\link.read.1.tlog
d:\workspace\d3dpractice\d3dpractice01.basic\x64\debug\d3dpract.d38669e9.tlog\link.write.1.tlog
d:\workspace\d3dpractice\d3dpractice01.basic\x64\debug\d3dpract.d38669e9.tlog\rc.command.1.tlog
d:\workspace\d3dpractice\d3dpractice01.basic\x64\debug\d3dpract.d38669e9.tlog\rc.read.1.tlog
d:\workspace\d3dpractice\d3dpractice01.basic\x64\debug\d3dpract.d38669e9.tlog\rc.write.1.tlog
