d:\workspace\d3dpractice\d3dpractice09\x64\debug\d3dpractice09.airplaneplayer.pch
d:\workspace\d3dpractice\d3dpractice09\x64\debug\vc141.pdb
d:\workspace\d3dpractice\d3dpractice09\x64\debug\vc141.idb
d:\workspace\d3dpractice\d3dpractice09\x64\debug\stdafx.obj
d:\workspace\d3dpractice\d3dpractice09\x64\debug\shader.obj
d:\workspace\d3dpractice\d3dpractice09\x64\debug\scene.obj
d:\workspace\d3dpractice\d3dpractice09\x64\debug\mesh.obj
d:\workspace\d3dpractice\d3dpractice09\x64\debug\gametimer.obj
d:\workspace\d3dpractice\d3dpractice09\x64\debug\gameobject.obj
d:\workspace\d3dpractice\d3dpractice09\x64\debug\gameframework.obj
d:\workspace\d3dpractice\d3dpractice09\x64\debug\d3dpractice09.obj
d:\workspace\d3dpractice\d3dpractice09\x64\debug\player.obj
d:\workspace\d3dpractice\d3dpractice09\x64\debug\camera.obj
d:\workspace\d3dpractice\x64\debug\d3dpractice09.airplaneplayer.exe
d:\workspace\d3dpractice\x64\debug\d3dpractice09.airplaneplayer.ilk
d:\workspace\d3dpractice\x64\debug\d3dpractice09.airplaneplayer.pdb
d:\workspace\d3dpractice\d3dpractice09\x64\debug\d3dpractice09.res
d:\workspace\d3dpractice\d3dpractice09\x64\debug\d3dpract.978a9942.tlog\cl.command.1.tlog
d:\workspace\d3dpractice\d3dpractice09\x64\debug\d3dpract.978a9942.tlog\cl.read.1.tlog
d:\workspace\d3dpractice\d3dpractice09\x64\debug\d3dpract.978a9942.tlog\cl.write.1.tlog
d:\workspace\d3dpractice\d3dpractice09\x64\debug\d3dpract.978a9942.tlog\link.command.1.tlog
d:\workspace\d3dpractice\d3dpractice09\x64\debug\d3dpract.978a9942.tlog\link.read.1.tlog
d:\workspace\d3dpractice\d3dpractice09\x64\debug\d3dpract.978a9942.tlog\link.write.1.tlog
d:\workspace\d3dpractice\d3dpractice09\x64\debug\d3dpract.978a9942.tlog\rc.command.1.tlog
d:\workspace\d3dpractice\d3dpractice09\x64\debug\d3dpract.978a9942.tlog\rc.read.1.tlog
d:\workspace\d3dpractice\d3dpractice09\x64\debug\d3dpract.978a9942.tlog\rc.write.1.tlog
