d:\workspace\d3dpractice\d3dpractice07\x64\release\d3dpractice07.wirecube.pch
d:\workspace\d3dpractice\d3dpractice07\x64\release\vc141.pdb
d:\workspace\d3dpractice\d3dpractice07\x64\release\stdafx.obj
d:\workspace\d3dpractice\d3dpractice07\x64\release\shader.obj
d:\workspace\d3dpractice\d3dpractice07\x64\release\scene.obj
d:\workspace\d3dpractice\d3dpractice07\x64\release\mesh.obj
d:\workspace\d3dpractice\d3dpractice07\x64\release\gametimer.obj
d:\workspace\d3dpractice\d3dpractice07\x64\release\gameobject.obj
d:\workspace\d3dpractice\d3dpractice07\x64\release\gameframework.obj
d:\workspace\d3dpractice\d3dpractice07\x64\release\d3dpractice07.obj
d:\workspace\d3dpractice\d3dpractice07\x64\release\camera.obj
d:\workspace\d3dpractice\x64\release\d3dpractice07.wirecube.ipdb
d:\workspace\d3dpractice\x64\release\d3dpractice07.wirecube.iobj
d:\workspace\d3dpractice\x64\release\d3dpractice07.wirecube.exe
d:\workspace\d3dpractice\x64\release\d3dpractice07.wirecube.pdb
d:\workspace\d3dpractice\d3dpractice07\x64\release\d3dpractice07.res
d:\workspace\d3dpractice\d3dpractice07\x64\release\d3dpract.3f16cedf.tlog\cl.command.1.tlog
d:\workspace\d3dpractice\d3dpractice07\x64\release\d3dpract.3f16cedf.tlog\cl.read.1.tlog
d:\workspace\d3dpractice\d3dpractice07\x64\release\d3dpract.3f16cedf.tlog\cl.write.1.tlog
d:\workspace\d3dpractice\d3dpractice07\x64\release\d3dpract.3f16cedf.tlog\d3dpractice07.wirecube.write.1u.tlog
d:\workspace\d3dpractice\d3dpractice07\x64\release\d3dpract.3f16cedf.tlog\link.command.1.tlog
d:\workspace\d3dpractice\d3dpractice07\x64\release\d3dpract.3f16cedf.tlog\link.read.1.tlog
d:\workspace\d3dpractice\d3dpractice07\x64\release\d3dpract.3f16cedf.tlog\link.write.1.tlog
d:\workspace\d3dpractice\d3dpractice07\x64\release\d3dpract.3f16cedf.tlog\rc.command.1.tlog
d:\workspace\d3dpractice\d3dpractice07\x64\release\d3dpract.3f16cedf.tlog\rc.read.1.tlog
d:\workspace\d3dpractice\d3dpractice07\x64\release\d3dpract.3f16cedf.tlog\rc.write.1.tlog
