d:\workspace\d3dpractice\d3dpractice05.turningtriangle\x64\debug\d3dpractice05.turningtriangle.pch
d:\workspace\d3dpractice\d3dpractice05.turningtriangle\x64\debug\vc141.pdb
d:\workspace\d3dpractice\d3dpractice05.turningtriangle\x64\debug\vc141.idb
d:\workspace\d3dpractice\d3dpractice05.turningtriangle\x64\debug\stdafx.obj
d:\workspace\d3dpractice\d3dpractice05.turningtriangle\x64\debug\shader.obj
d:\workspace\d3dpractice\d3dpractice05.turningtriangle\x64\debug\scene.obj
d:\workspace\d3dpractice\d3dpractice05.turningtriangle\x64\debug\mesh.obj
d:\workspace\d3dpractice\d3dpractice05.turningtriangle\x64\debug\gametimer.obj
d:\workspace\d3dpractice\d3dpractice05.turningtriangle\x64\debug\gameobject.obj
d:\workspace\d3dpractice\d3dpractice05.turningtriangle\x64\debug\gameframework.obj
d:\workspace\d3dpractice\d3dpractice05.turningtriangle\x64\debug\d3dpractice05.obj
d:\workspace\d3dpractice\d3dpractice05.turningtriangle\x64\debug\ccamera.obj
d:\workspace\d3dpractice\d3dpractice05.turningtriangle\x64\debug\camera.obj
d:\workspace\d3dpractice\x64\debug\d3dpractice05.turningtriangle.ilk
d:\workspace\d3dpractice\x64\debug\d3dpractice05.turningtriangle.exe
d:\workspace\d3dpractice\x64\debug\d3dpractice05.turningtriangle.pdb
d:\workspace\d3dpractice\d3dpractice05.turningtriangle\x64\debug\d3dpractice05.res
d:\workspace\d3dpractice\d3dpractice05.turningtriangle\x64\debug\d3dpract.8b803a1e.tlog\cl.command.1.tlog
d:\workspace\d3dpractice\d3dpractice05.turningtriangle\x64\debug\d3dpract.8b803a1e.tlog\cl.read.1.tlog
d:\workspace\d3dpractice\d3dpractice05.turningtriangle\x64\debug\d3dpract.8b803a1e.tlog\cl.write.1.tlog
d:\workspace\d3dpractice\d3dpractice05.turningtriangle\x64\debug\d3dpract.8b803a1e.tlog\fxc.command.1.tlog
d:\workspace\d3dpractice\d3dpractice05.turningtriangle\x64\debug\d3dpract.8b803a1e.tlog\fxc.read.1.tlog
d:\workspace\d3dpractice\d3dpractice05.turningtriangle\x64\debug\d3dpract.8b803a1e.tlog\link.command.1.tlog
d:\workspace\d3dpractice\d3dpractice05.turningtriangle\x64\debug\d3dpract.8b803a1e.tlog\link.read.1.tlog
d:\workspace\d3dpractice\d3dpractice05.turningtriangle\x64\debug\d3dpract.8b803a1e.tlog\link.write.1.tlog
d:\workspace\d3dpractice\d3dpractice05.turningtriangle\x64\debug\d3dpract.8b803a1e.tlog\rc.command.1.tlog
d:\workspace\d3dpractice\d3dpractice05.turningtriangle\x64\debug\d3dpract.8b803a1e.tlog\rc.read.1.tlog
d:\workspace\d3dpractice\d3dpractice05.turningtriangle\x64\debug\d3dpract.8b803a1e.tlog\rc.write.1.tlog
