d:\workspace\d3dpractice\d3dpractice06\x64\debug\d3dpractice06.turningcube.pch
d:\workspace\d3dpractice\d3dpractice06\x64\debug\vc141.pdb
d:\workspace\d3dpractice\d3dpractice06\x64\debug\vc141.idb
d:\workspace\d3dpractice\d3dpractice06\x64\debug\stdafx.obj
d:\workspace\d3dpractice\d3dpractice06\x64\debug\d3dpractice06.obj
d:\workspace\d3dpractice\d3dpractice06\x64\debug\shader.obj
d:\workspace\d3dpractice\d3dpractice06\x64\debug\scene.obj
d:\workspace\d3dpractice\d3dpractice06\x64\debug\mesh.obj
d:\workspace\d3dpractice\d3dpractice06\x64\debug\gametimer.obj
d:\workspace\d3dpractice\d3dpractice06\x64\debug\gameobject.obj
d:\workspace\d3dpractice\d3dpractice06\x64\debug\gameframework.obj
d:\workspace\d3dpractice\d3dpractice06\x64\debug\camera.obj
d:\workspace\d3dpractice\x64\debug\d3dpractice06.turningcube.exe
d:\workspace\d3dpractice\x64\debug\d3dpractice06.turningcube.ilk
d:\workspace\d3dpractice\x64\debug\d3dpractice06.turningcube.pdb
d:\workspace\d3dpractice\d3dpractice06\x64\debug\d3dpractice06.res
d:\workspace\d3dpractice\d3dpractice06\x64\debug\d3dpract.52cdb14b.tlog\cl.command.1.tlog
d:\workspace\d3dpractice\d3dpractice06\x64\debug\d3dpract.52cdb14b.tlog\cl.read.1.tlog
d:\workspace\d3dpractice\d3dpractice06\x64\debug\d3dpract.52cdb14b.tlog\cl.write.1.tlog
d:\workspace\d3dpractice\d3dpractice06\x64\debug\d3dpract.52cdb14b.tlog\link.command.1.tlog
d:\workspace\d3dpractice\d3dpractice06\x64\debug\d3dpract.52cdb14b.tlog\link.read.1.tlog
d:\workspace\d3dpractice\d3dpractice06\x64\debug\d3dpract.52cdb14b.tlog\link.write.1.tlog
d:\workspace\d3dpractice\d3dpractice06\x64\debug\d3dpract.52cdb14b.tlog\rc.command.1.tlog
d:\workspace\d3dpractice\d3dpractice06\x64\debug\d3dpract.52cdb14b.tlog\rc.read.1.tlog
d:\workspace\d3dpractice\d3dpractice06\x64\debug\d3dpract.52cdb14b.tlog\rc.write.1.tlog
